[2025-02-01 16:04:53] INFO [django.core.cache] Cache miss for faq_translation_10_hi
[2025-02-01 16:04:53] INFO [django.core.cache] Cache set for faq_translation_10_hi
[2025-02-01 16:04:53] INFO [django.core.cache] Cache miss for faq_translation_11_hi
[2025-02-01 16:04:53] INFO [django.core.cache] Cache set for faq_translation_11_hi
[2025-02-01 16:04:53] INFO [django.core.cache] Cache miss for faq_translation_12_hi
[2025-02-01 16:04:53] INFO [django.core.cache] Cache set for faq_translation_12_hi
[2025-02-01 16:04:53] INFO [django.core.cache] Cache miss for faq_translation_13_hi
[2025-02-01 16:04:53] INFO [django.core.cache] Cache set for faq_translation_13_hi
[2025-02-01 16:05:31] INFO [django.core.cache] Cache miss for faq_translation_10_hi
[2025-02-01 16:05:31] INFO [django.core.cache] Cache set for faq_translation_10_hi
[2025-02-01 16:05:31] INFO [django.core.cache] Cache miss for faq_translation_11_hi
[2025-02-01 16:05:31] INFO [django.core.cache] Cache set for faq_translation_11_hi
[2025-02-01 16:05:31] INFO [django.core.cache] Cache miss for faq_translation_12_hi
[2025-02-01 16:05:31] INFO [django.core.cache] Cache set for faq_translation_12_hi
[2025-02-01 16:05:31] INFO [django.core.cache] Cache miss for faq_translation_13_hi
[2025-02-01 16:05:31] INFO [django.core.cache] Cache set for faq_translation_13_hi
[2025-02-01 16:05:39] INFO [django.core.cache] Cache hit for faq_translation_10_hi
[2025-02-01 16:05:39] INFO [django.core.cache] Cache hit for faq_translation_11_hi
[2025-02-01 16:05:39] INFO [django.core.cache] Cache hit for faq_translation_12_hi
[2025-02-01 16:05:39] INFO [django.core.cache] Cache hit for faq_translation_13_hi
[2025-02-01 16:05:49] INFO [django.core.cache] Cache hit for faq_translation_10_hi
[2025-02-01 16:05:49] INFO [django.core.cache] Cache hit for faq_translation_11_hi
[2025-02-01 16:05:49] INFO [django.core.cache] Cache hit for faq_translation_12_hi
[2025-02-01 16:05:49] INFO [django.core.cache] Cache hit for faq_translation_13_hi
[2025-02-01 16:05:57] INFO [django.core.cache] Cache miss for faq_translation_10_bn
[2025-02-01 16:05:57] INFO [django.core.cache] Cache set for faq_translation_10_bn
[2025-02-01 16:05:57] INFO [django.core.cache] Cache miss for faq_translation_11_bn
[2025-02-01 16:05:57] INFO [django.core.cache] Cache set for faq_translation_11_bn
[2025-02-01 16:05:57] INFO [django.core.cache] Cache miss for faq_translation_12_bn
[2025-02-01 16:05:57] INFO [django.core.cache] Cache set for faq_translation_12_bn
[2025-02-01 16:05:57] INFO [django.core.cache] Cache miss for faq_translation_13_bn
[2025-02-01 16:05:57] INFO [django.core.cache] Cache set for faq_translation_13_bn
[2025-02-01 16:05:59] INFO [django.core.cache] Cache hit for faq_translation_10_bn
[2025-02-01 16:05:59] INFO [django.core.cache] Cache hit for faq_translation_11_bn
[2025-02-01 16:05:59] INFO [django.core.cache] Cache hit for faq_translation_12_bn
[2025-02-01 16:05:59] INFO [django.core.cache] Cache hit for faq_translation_13_bn
[2025-02-01 16:06:20] INFO [django.core.cache] Cache miss for faq_translation_10_en
[2025-02-01 16:06:20] INFO [django.core.cache] Cache set for faq_translation_10_en
[2025-02-01 16:06:20] INFO [django.core.cache] Cache miss for faq_translation_11_en
[2025-02-01 16:06:20] INFO [django.core.cache] Cache set for faq_translation_11_en
[2025-02-01 16:06:20] INFO [django.core.cache] Cache miss for faq_translation_12_en
[2025-02-01 16:06:20] INFO [django.core.cache] Cache set for faq_translation_12_en
[2025-02-01 16:06:20] INFO [django.core.cache] Cache miss for faq_translation_13_en
[2025-02-01 16:06:20] INFO [django.core.cache] Cache set for faq_translation_13_en
[2025-02-01 16:06:28] INFO [django.core.cache] Cache hit for faq_translation_10_en
[2025-02-01 16:06:28] INFO [django.core.cache] Cache hit for faq_translation_11_en
[2025-02-01 16:06:28] INFO [django.core.cache] Cache hit for faq_translation_12_en
[2025-02-01 16:06:28] INFO [django.core.cache] Cache hit for faq_translation_13_en
[2025-02-01 16:06:40] INFO [django.core.cache] Cache hit for faq_translation_10_bn
[2025-02-01 16:06:40] INFO [django.core.cache] Cache hit for faq_translation_11_bn
[2025-02-01 16:06:40] INFO [django.core.cache] Cache hit for faq_translation_12_bn
[2025-02-01 16:06:40] INFO [django.core.cache] Cache hit for faq_translation_13_bn
[2025-02-01 16:06:41] INFO [django.core.cache] Cache hit for faq_translation_10_bn
[2025-02-01 16:06:41] INFO [django.core.cache] Cache hit for faq_translation_11_bn
[2025-02-01 16:06:41] INFO [django.core.cache] Cache hit for faq_translation_12_bn
[2025-02-01 16:06:41] INFO [django.core.cache] Cache hit for faq_translation_13_bn
[2025-02-01 16:06:52] INFO [django.core.cache] Cache miss for faq_translation_10_hi
[2025-02-01 16:06:52] INFO [django.core.cache] Cache set for faq_translation_10_hi
[2025-02-01 16:06:52] INFO [django.core.cache] Cache miss for faq_translation_11_hi
[2025-02-01 16:06:52] INFO [django.core.cache] Cache set for faq_translation_11_hi
[2025-02-01 16:06:52] INFO [django.core.cache] Cache miss for faq_translation_12_hi
[2025-02-01 16:06:52] INFO [django.core.cache] Cache set for faq_translation_12_hi
[2025-02-01 16:06:52] INFO [django.core.cache] Cache miss for faq_translation_13_hi
[2025-02-01 16:06:52] INFO [django.core.cache] Cache set for faq_translation_13_hi
[2025-02-01 16:06:57] INFO [django.core.cache] Cache hit for faq_translation_10_hi
[2025-02-01 16:06:57] INFO [django.core.cache] Cache hit for faq_translation_11_hi
[2025-02-01 16:06:57] INFO [django.core.cache] Cache hit for faq_translation_12_hi
[2025-02-01 16:06:57] INFO [django.core.cache] Cache hit for faq_translation_13_hi
[2025-02-01 16:10:19] INFO [django.core.cache] Cache miss for faq_translation_10_hi
[2025-02-01 16:10:19] INFO [django.core.cache] Cache set for faq_translation_10_hi
[2025-02-01 16:10:19] INFO [django.core.cache] Cache miss for faq_translation_11_hi
[2025-02-01 16:10:19] INFO [django.core.cache] Cache set for faq_translation_11_hi
[2025-02-01 16:10:19] INFO [django.core.cache] Cache miss for faq_translation_12_hi
[2025-02-01 16:10:19] INFO [django.core.cache] Cache set for faq_translation_12_hi
[2025-02-01 16:10:19] INFO [django.core.cache] Cache miss for faq_translation_13_hi
[2025-02-01 16:10:19] INFO [django.core.cache] Cache set for faq_translation_13_hi
[2025-02-01 16:12:23] INFO [django.core.cache] Cache miss for faq_translation_10_en
[2025-02-01 16:12:23] INFO [django.core.cache] Cache set for faq_translation_10_en
[2025-02-01 16:12:23] INFO [django.core.cache] Cache miss for faq_translation_11_en
[2025-02-01 16:12:23] INFO [django.core.cache] Cache set for faq_translation_11_en
[2025-02-01 16:12:23] INFO [django.core.cache] Cache miss for faq_translation_12_en
[2025-02-01 16:12:23] INFO [django.core.cache] Cache set for faq_translation_12_en
[2025-02-01 16:12:23] INFO [django.core.cache] Cache miss for faq_translation_13_en
[2025-02-01 16:12:23] INFO [django.core.cache] Cache set for faq_translation_13_en
[2025-02-01 16:12:40] INFO [django.core.cache] Cache miss for faq_translation_10_hi
[2025-02-01 16:12:40] INFO [django.core.cache] Cache set for faq_translation_10_hi
[2025-02-01 16:12:40] INFO [django.core.cache] Cache miss for faq_translation_11_hi
[2025-02-01 16:12:40] INFO [django.core.cache] Cache set for faq_translation_11_hi
[2025-02-01 16:12:40] INFO [django.core.cache] Cache miss for faq_translation_12_hi
[2025-02-01 16:12:40] INFO [django.core.cache] Cache set for faq_translation_12_hi
[2025-02-01 16:12:40] INFO [django.core.cache] Cache miss for faq_translation_13_hi
[2025-02-01 16:12:40] INFO [django.core.cache] Cache set for faq_translation_13_hi
[2025-02-01 16:12:47] INFO [django.core.cache] Cache miss for faq_translation_10_bn
[2025-02-01 16:12:47] INFO [django.core.cache] Cache set for faq_translation_10_bn
[2025-02-01 16:12:47] INFO [django.core.cache] Cache miss for faq_translation_11_bn
[2025-02-01 16:12:47] INFO [django.core.cache] Cache set for faq_translation_11_bn
[2025-02-01 16:12:47] INFO [django.core.cache] Cache miss for faq_translation_12_bn
[2025-02-01 16:12:47] INFO [django.core.cache] Cache set for faq_translation_12_bn
[2025-02-01 16:12:47] INFO [django.core.cache] Cache miss for faq_translation_13_bn
[2025-02-01 16:12:47] INFO [django.core.cache] Cache set for faq_translation_13_bn
[2025-02-01 16:12:52] INFO [django.core.cache] Cache miss for faq_translation_10_ml
[2025-02-01 16:12:52] INFO [django.core.cache] Cache set for faq_translation_10_ml
[2025-02-01 16:12:52] INFO [django.core.cache] Cache miss for faq_translation_11_ml
[2025-02-01 16:12:52] INFO [django.core.cache] Cache set for faq_translation_11_ml
[2025-02-01 16:12:52] INFO [django.core.cache] Cache miss for faq_translation_12_ml
[2025-02-01 16:12:52] INFO [django.core.cache] Cache set for faq_translation_12_ml
[2025-02-01 16:12:52] INFO [django.core.cache] Cache miss for faq_translation_13_ml
[2025-02-01 16:12:52] INFO [django.core.cache] Cache set for faq_translation_13_ml
[2025-02-01 16:15:47] INFO [django.core.cache] Cache miss for faq_translation_10_ml
[2025-02-01 16:15:47] INFO [django.core.cache] Cache set for faq_translation_10_ml
[2025-02-01 16:15:47] INFO [django.core.cache] Cache miss for faq_translation_11_ml
[2025-02-01 16:15:47] INFO [django.core.cache] Cache set for faq_translation_11_ml
[2025-02-01 16:15:47] INFO [django.core.cache] Cache miss for faq_translation_12_ml
[2025-02-01 16:15:47] INFO [django.core.cache] Cache set for faq_translation_12_ml
[2025-02-01 16:15:47] INFO [django.core.cache] Cache miss for faq_translation_13_ml
[2025-02-01 16:15:47] INFO [django.core.cache] Cache set for faq_translation_13_ml
[2025-02-01 16:15:47] INFO [django.core.cache] Cache miss for faq_translation_14_ml
[2025-02-01 16:15:47] INFO [django.core.cache] Cache set for faq_translation_14_ml
[2025-02-01 16:16:02] INFO [django.core.cache] Cache miss for faq_translation_10_hi
[2025-02-01 16:16:02] INFO [django.core.cache] Cache set for faq_translation_10_hi
[2025-02-01 16:16:02] INFO [django.core.cache] Cache miss for faq_translation_11_hi
[2025-02-01 16:16:02] INFO [django.core.cache] Cache set for faq_translation_11_hi
[2025-02-01 16:16:02] INFO [django.core.cache] Cache miss for faq_translation_12_hi
[2025-02-01 16:16:02] INFO [django.core.cache] Cache set for faq_translation_12_hi
[2025-02-01 16:16:02] INFO [django.core.cache] Cache miss for faq_translation_13_hi
[2025-02-01 16:16:02] INFO [django.core.cache] Cache set for faq_translation_13_hi
[2025-02-01 16:16:02] INFO [django.core.cache] Cache miss for faq_translation_14_hi
[2025-02-01 16:16:02] INFO [django.core.cache] Cache set for faq_translation_14_hi
[2025-02-01 16:16:10] INFO [django.core.cache] Cache miss for faq_translation_10_bn
[2025-02-01 16:16:10] INFO [django.core.cache] Cache set for faq_translation_10_bn
[2025-02-01 16:16:10] INFO [django.core.cache] Cache miss for faq_translation_11_bn
[2025-02-01 16:16:10] INFO [django.core.cache] Cache set for faq_translation_11_bn
[2025-02-01 16:16:10] INFO [django.core.cache] Cache miss for faq_translation_12_bn
[2025-02-01 16:16:10] INFO [django.core.cache] Cache set for faq_translation_12_bn
[2025-02-01 16:16:10] INFO [django.core.cache] Cache miss for faq_translation_13_bn
[2025-02-01 16:16:10] INFO [django.core.cache] Cache set for faq_translation_13_bn
[2025-02-01 16:16:10] INFO [django.core.cache] Cache miss for faq_translation_14_bn
[2025-02-01 16:16:10] INFO [django.core.cache] Cache set for faq_translation_14_bn
[2025-02-01 16:19:34] INFO [django.core.cache] Cache miss for faq_translation_10_en
[2025-02-01 16:19:34] INFO [django.core.cache] Cache set for faq_translation_10_en
[2025-02-01 16:19:34] INFO [django.core.cache] Cache miss for faq_translation_11_en
[2025-02-01 16:19:34] INFO [django.core.cache] Cache set for faq_translation_11_en
[2025-02-01 16:19:34] INFO [django.core.cache] Cache miss for faq_translation_12_en
[2025-02-01 16:19:34] INFO [django.core.cache] Cache set for faq_translation_12_en
[2025-02-01 16:19:34] INFO [django.core.cache] Cache miss for faq_translation_13_en
[2025-02-01 16:19:34] INFO [django.core.cache] Cache set for faq_translation_13_en
[2025-02-01 16:19:34] INFO [django.core.cache] Cache miss for faq_translation_14_en
[2025-02-01 16:19:34] INFO [django.core.cache] Cache set for faq_translation_14_en
[2025-02-01 16:19:51] INFO [django.core.cache] Cache miss for faq_translation_10_ml
[2025-02-01 16:19:51] INFO [django.core.cache] Cache set for faq_translation_10_ml
[2025-02-01 16:19:51] INFO [django.core.cache] Cache miss for faq_translation_11_ml
[2025-02-01 16:19:51] INFO [django.core.cache] Cache set for faq_translation_11_ml
[2025-02-01 16:19:51] INFO [django.core.cache] Cache miss for faq_translation_12_ml
[2025-02-01 16:19:51] INFO [django.core.cache] Cache set for faq_translation_12_ml
[2025-02-01 16:19:51] INFO [django.core.cache] Cache miss for faq_translation_13_ml
[2025-02-01 16:19:51] INFO [django.core.cache] Cache set for faq_translation_13_ml
[2025-02-01 16:19:51] INFO [django.core.cache] Cache miss for faq_translation_14_ml
[2025-02-01 16:19:51] INFO [django.core.cache] Cache set for faq_translation_14_ml
[2025-02-01 16:20:04] INFO [django.core.cache] Cache miss for faq_translation_10_hi
[2025-02-01 16:20:04] INFO [django.core.cache] Cache set for faq_translation_10_hi
[2025-02-01 16:20:04] INFO [django.core.cache] Cache miss for faq_translation_11_hi
[2025-02-01 16:20:04] INFO [django.core.cache] Cache set for faq_translation_11_hi
[2025-02-01 16:20:04] INFO [django.core.cache] Cache miss for faq_translation_12_hi
[2025-02-01 16:20:04] INFO [django.core.cache] Cache set for faq_translation_12_hi
[2025-02-01 16:20:04] INFO [django.core.cache] Cache miss for faq_translation_13_hi
[2025-02-01 16:20:04] INFO [django.core.cache] Cache set for faq_translation_13_hi
[2025-02-01 16:20:04] INFO [django.core.cache] Cache miss for faq_translation_14_hi
[2025-02-01 16:20:04] INFO [django.core.cache] Cache set for faq_translation_14_hi
[2025-02-01 16:20:10] INFO [django.core.cache] Cache hit for faq_translation_10_ml
[2025-02-01 16:20:10] INFO [django.core.cache] Cache hit for faq_translation_11_ml
[2025-02-01 16:20:10] INFO [django.core.cache] Cache hit for faq_translation_12_ml
[2025-02-01 16:20:10] INFO [django.core.cache] Cache hit for faq_translation_13_ml
[2025-02-01 16:20:10] INFO [django.core.cache] Cache hit for faq_translation_14_ml
[2025-02-01 16:47:08] INFO [django.core.cache] Cache miss for faq_translation_10_hi
[2025-02-01 16:47:08] INFO [django.core.cache] Cache set for faq_translation_10_hi
[2025-02-01 16:47:08] INFO [django.core.cache] Cache miss for faq_translation_11_hi
[2025-02-01 16:47:08] INFO [django.core.cache] Cache set for faq_translation_11_hi
[2025-02-01 16:47:08] INFO [django.core.cache] Cache miss for faq_translation_12_hi
[2025-02-01 16:47:08] INFO [django.core.cache] Cache set for faq_translation_12_hi
[2025-02-01 16:47:08] INFO [django.core.cache] Cache miss for faq_translation_13_hi
[2025-02-01 16:47:08] INFO [django.core.cache] Cache set for faq_translation_13_hi
[2025-02-01 16:47:08] INFO [django.core.cache] Cache miss for faq_translation_14_hi
[2025-02-01 16:47:08] INFO [django.core.cache] Cache set for faq_translation_14_hi
[2025-02-01 16:47:15] INFO [django.core.cache] Cache miss for faq_translation_10_en
[2025-02-01 16:47:15] INFO [django.core.cache] Cache set for faq_translation_10_en
[2025-02-01 16:47:15] INFO [django.core.cache] Cache miss for faq_translation_11_en
[2025-02-01 16:47:15] INFO [django.core.cache] Cache set for faq_translation_11_en
[2025-02-01 16:47:15] INFO [django.core.cache] Cache miss for faq_translation_12_en
[2025-02-01 16:47:15] INFO [django.core.cache] Cache set for faq_translation_12_en
[2025-02-01 16:47:15] INFO [django.core.cache] Cache miss for faq_translation_13_en
[2025-02-01 16:47:15] INFO [django.core.cache] Cache set for faq_translation_13_en
[2025-02-01 16:47:15] INFO [django.core.cache] Cache miss for faq_translation_14_en
[2025-02-01 16:47:15] INFO [django.core.cache] Cache set for faq_translation_14_en
[2025-02-01 16:47:28] INFO [django.core.cache] Cache hit for faq_translation_10_hi
[2025-02-01 16:47:28] INFO [django.core.cache] Cache hit for faq_translation_11_hi
[2025-02-01 16:47:28] INFO [django.core.cache] Cache hit for faq_translation_12_hi
[2025-02-01 16:47:28] INFO [django.core.cache] Cache hit for faq_translation_13_hi
[2025-02-01 16:47:28] INFO [django.core.cache] Cache hit for faq_translation_14_hi
[2025-02-01 16:47:35] INFO [django.core.cache] Cache miss for faq_translation_10_ml
[2025-02-01 16:47:35] INFO [django.core.cache] Cache set for faq_translation_10_ml
[2025-02-01 16:47:35] INFO [django.core.cache] Cache miss for faq_translation_11_ml
[2025-02-01 16:47:35] INFO [django.core.cache] Cache set for faq_translation_11_ml
[2025-02-01 16:47:35] INFO [django.core.cache] Cache miss for faq_translation_12_ml
[2025-02-01 16:47:35] INFO [django.core.cache] Cache set for faq_translation_12_ml
[2025-02-01 16:47:35] INFO [django.core.cache] Cache miss for faq_translation_13_ml
[2025-02-01 16:47:35] INFO [django.core.cache] Cache set for faq_translation_13_ml
[2025-02-01 16:47:35] INFO [django.core.cache] Cache miss for faq_translation_14_ml
[2025-02-01 16:47:35] INFO [django.core.cache] Cache set for faq_translation_14_ml
